<?xml version="1.0" encoding="UTF-8"?>
<!-- Generated by org.testng.reporters.JUnitReportReporter -->
<testsuite skipped="0" hostname="lenovo" name="TestCases.VerifyHomePage" tests="1" failures="0" timestamp="05 Nov 2017 05:02:06 GMT" time="19.979" errors="0">
  <testcase name="testHomePage" time="19.979" classname="TestCases.VerifyHomePage"/>
</testsuite> <!-- TestCases.VerifyHomePage -->
